<?xml version="1.0" encoding="UTF-8"?>
<testsuite name="com.skliaruk.ExampleResourceTest" tests="1" skipped="0" failures="1" errors="0" timestamp="2024-08-12T12:48:38" hostname="Ilias-MacBook-Pro.local" time="0.552">
  <properties/>
  <testcase name="testHelloEndpoint()" classname="com.skliaruk.ExampleResourceTest" time="0.552">
    <failure message="java.lang.AssertionError: 1 expectation failed.&#10;Expected status code &lt;200&gt; but was &lt;405&gt;.&#10;" type="java.lang.AssertionError">java.lang.AssertionError: 1 expectation failed.
Expected status code &lt;200&gt; but was &lt;405&gt;.

	at java.base/jdk.internal.reflect.NativeConstructorAccessorImpl.newInstance0(Native Method)
	at java.base/jdk.internal.reflect.NativeConstructorAccessorImpl.newInstance(NativeConstructorAccessorImpl.java:77)
	at java.base/jdk.internal.reflect.DelegatingConstructorAccessorImpl.newInstance(DelegatingConstructorAccessorImpl.java:45)
	at java.base/java.lang.reflect.Constructor.newInstanceWithCaller(Constructor.java:499)
	at java.base/java.lang.reflect.Constructor.newInstance(Constructor.java:480)
	at org.codehaus.groovy.reflection.CachedConstructor.invoke(CachedConstructor.java:73)
	at org.codehaus.groovy.runtime.callsite.ConstructorSite$ConstructorSiteNoUnwrapNoCoerce.callConstructor(ConstructorSite.java:108)
	at org.codehaus.groovy.runtime.callsite.CallSiteArray.defaultCallConstructor(CallSiteArray.java:57)
	at org.codehaus.groovy.runtime.callsite.AbstractCallSite.callConstructor(AbstractCallSite.java:263)
	at org.codehaus.groovy.runtime.callsite.AbstractCallSite.callConstructor(AbstractCallSite.java:277)
	at io.restassured.internal.ResponseSpecificationImpl$HamcrestAssertionClosure.validate(ResponseSpecificationImpl.groovy:512)
	at io.restassured.internal.ResponseSpecificationImpl$HamcrestAssertionClosure$validate$1.call(Unknown Source)
	at org.codehaus.groovy.runtime.callsite.CallSiteArray.defaultCall(CallSiteArray.java:45)
	at org.codehaus.groovy.runtime.callsite.AbstractCallSite.call(AbstractCallSite.java:125)
	at org.codehaus.groovy.runtime.callsite.AbstractCallSite.call(AbstractCallSite.java:139)
	at io.restassured.internal.ResponseSpecificationImpl.validateResponseIfRequired(ResponseSpecificationImpl.groovy:696)
	at io.restassured.internal.ResponseSpecificationImpl.this$2$validateResponseIfRequired(ResponseSpecificationImpl.groovy)
	at java.base/jdk.internal.reflect.NativeMethodAccessorImpl.invoke0(Native Method)
	at java.base/jdk.internal.reflect.NativeMethodAccessorImpl.invoke(NativeMethodAccessorImpl.java:77)
	at java.base/jdk.internal.reflect.DelegatingMethodAccessorImpl.invoke(DelegatingMethodAccessorImpl.java:43)
	at java.base/java.lang.reflect.Method.invoke(Method.java:568)
	at org.codehaus.groovy.runtime.callsite.PlainObjectMetaMethodSite.doInvoke(PlainObjectMetaMethodSite.java:43)
	at org.codehaus.groovy.runtime.callsite.PogoMetaMethodSite$PogoCachedMethodSiteNoUnwrapNoCoerce.invoke(PogoMetaMethodSite.java:198)
	at org.codehaus.groovy.runtime.callsite.PogoMetaMethodSite.callCurrent(PogoMetaMethodSite.java:62)
	at org.codehaus.groovy.runtime.callsite.CallSiteArray.defaultCallCurrent(CallSiteArray.java:49)
	at org.codehaus.groovy.runtime.callsite.AbstractCallSite.callCurrent(AbstractCallSite.java:171)
	at org.codehaus.groovy.runtime.callsite.AbstractCallSite.callCurrent(AbstractCallSite.java:185)
	at io.restassured.internal.ResponseSpecificationImpl.statusCode(ResponseSpecificationImpl.groovy:135)
	at io.restassured.specification.ResponseSpecification$statusCode$0.callCurrent(Unknown Source)
	at org.codehaus.groovy.runtime.callsite.CallSiteArray.defaultCallCurrent(CallSiteArray.java:49)
	at org.codehaus.groovy.runtime.callsite.AbstractCallSite.callCurrent(AbstractCallSite.java:171)
	at org.codehaus.groovy.runtime.callsite.AbstractCallSite.callCurrent(AbstractCallSite.java:185)
	at io.restassured.internal.ResponseSpecificationImpl.statusCode(ResponseSpecificationImpl.groovy:143)
	at io.restassured.internal.ValidatableResponseOptionsImpl.statusCode(ValidatableResponseOptionsImpl.java:89)
	at com.skliaruk.ExampleResourceTest.testHelloEndpoint(ExampleResourceTest.kt:16)
	at java.base/java.lang.reflect.Method.invoke(Method.java:568)
	at io.quarkus.test.junit.QuarkusTestExtension.runExtensionMethod(QuarkusTestExtension.java:973)
	at io.quarkus.test.junit.QuarkusTestExtension.interceptTestMethod(QuarkusTestExtension.java:823)
	at java.base/java.util.ArrayList.forEach(ArrayList.java:1511)
	at java.base/java.util.ArrayList.forEach(ArrayList.java:1511)
</failure>
  </testcase>
  <system-out><![CDATA[2024-08-12 15:48:34,866 INFO  [org.tes.doc.DockerClientProviderStrategy] (build-13) Loaded org.testcontainers.dockerclient.UnixSocketClientProviderStrategy from ~/.testcontainers.properties, will try it first
2024-08-12 15:48:34,868 INFO  [io.qua.sma.dep.processor] (build-45) Configuring the channel 'events' to be managed by the connector 'smallrye-kafka'
2024-08-12 15:48:34,868 INFO  [io.qua.sma.dep.processor] (build-45) Configuring the channel 'event-requests' to be managed by the connector 'smallrye-kafka'
2024-08-12 15:48:35,330 INFO  [org.tes.doc.DockerClientProviderStrategy] (build-13) Found Docker environment with local Unix socket (unix:///var/run/docker.sock)
2024-08-12 15:48:35,333 INFO  [org.tes.DockerClientFactory] (build-13) Docker host IP address is localhost
2024-08-12 15:48:35,358 INFO  [org.tes.DockerClientFactory] (build-13) Connected to docker: 
  Server Version: 25.0.2
  API Version: 1.44
  Operating System: Docker Desktop
  Total Memory: 24503 MB
2024-08-12 15:48:35,365 INFO  [org.tes.ima.PullPolicy] (build-13) Image pull policy will be performed by: DefaultPullPolicy()
2024-08-12 15:48:35,366 INFO  [org.tes.uti.ImageNameSubstitutor] (build-13) Image name substitution will be performed by: DefaultImageNameSubstitutor (composite of 'ConfigurationFileImageNameSubstitutor' and 'PrefixingImageNameSubstitutor')
2024-08-12 15:48:35,370 INFO  [org.tes.DockerClientFactory] (build-13) Checking the system...
2024-08-12 15:48:35,370 INFO  [org.tes.DockerClientFactory] (build-13) ?? Docker server version should be at least 1.6.0
2024-08-12 15:48:35,437 INFO  [tc.doc.io/.1.2] (build-13) Creating container for image: docker.io/vectorized/redpanda:v24.1.2
2024-08-12 15:48:35,611 INFO  [org.tes.uti.RegistryAuthLocator] (build-13) Credential helper/store (docker-credential-desktop) does not have credentials for docker.io
2024-08-12 15:48:35,615 INFO  [tc.tes.7.0] (build-13) Creating container for image: testcontainers/ryuk:0.7.0
2024-08-12 15:48:35,833 INFO  [tc.tes.7.0] (build-13) Container testcontainers/ryuk:0.7.0 is starting: d9290b54c4b84b6cdd8b0473234be1caf0027f58aa11a3da14aac11bc5a69a53
2024-08-12 15:48:36,345 INFO  [tc.tes.7.0] (build-13) Container testcontainers/ryuk:0.7.0 started in PT0.729958S
2024-08-12 15:48:36,523 INFO  [tc.doc.io/.1.2] (build-13) Container docker.io/vectorized/redpanda:v24.1.2 is starting: 111818efa2b6bee5a00e9798ff5eacd39332f527c170c45d12edf7ae400cdf19
2024-08-12 15:48:37,593 INFO  [tc.doc.io/.1.2] (build-13) Container docker.io/vectorized/redpanda:v24.1.2 started in PT2.155949S
2024-08-12 15:48:37,595 INFO  [io.qua.kaf.cli.dep.DevServicesKafkaProcessor] (build-13) Dev Services for Kafka started. Other Quarkus applications in dev mode will find the broker automatically. For Quarkus applications in production mode, you can connect to this by starting your application with -Dkafka.bootstrap.servers=OUTSIDE://localhost:55305
2024-08-12 15:48:38,023 INFO  [io.sma.rea.mes.kafka] (Test worker) SRMSG18229: Configured topics for channel 'events': [events]
2024-08-12 15:48:38,029 INFO  [io.sma.rea.mes.kafka] (Test worker) SRMSG18214: Key deserializer omitted, using String as default
2024-08-12 15:48:38,158 INFO  [io.sma.rea.mes.kafka] (smallrye-kafka-producer-thread-0) SRMSG18258: Kafka producer kafka-producer-event-requests, connected to Kafka brokers 'OUTSIDE://localhost:55305', is configured to write records to 'event-requests'
2024-08-12 15:48:38,254 INFO  [io.quarkus] (Test worker) quarkus-kafka 1.0-SNAPSHOT on JVM (powered by Quarkus 3.13.2) started in 5.003s. Listening on: http://localhost:8081
2024-08-12 15:48:38,255 INFO  [io.quarkus] (Test worker) Profile test activated. 
2024-08-12 15:48:38,255 INFO  [io.quarkus] (Test worker) Installed features: [cdi, kafka-client, kotlin, messaging, messaging-kafka, rest, rest-jackson, smallrye-context-propagation, vertx]
]]></system-out>
  <system-err><![CDATA[]]></system-err>
</testsuite>
